<?xml version="1.0" encoding="UTF-8"?>
<!-- Generated by org.testng.reporters.JUnitXMLReporter -->
<testsuite hostname="MahmoudHadad" name="Default test" tests="8" failures="0" timestamp="9 May 2015 20:16:06 GMT" time="4.637" errors="0">
  <testcase name="addFriend" time="0.014" classname="com.FCI.SWE.Services.ServiceTest"/>
  <testcase name="getFriendRequests" time="0.001" classname="com.FCI.SWE.Services.ServiceTest"/>
  <testcase name="getFriends" time="0.001" classname="com.FCI.SWE.Services.ServiceTest"/>
  <testcase name="registrationService" time="4.508" classname="com.FCI.SWE.Services.ServiceTest"/>
  <testcase name="registrationService" time="0.021" classname="com.FCI.SWE.Services.ServiceTest"/>
  <testcase name="loginService" time="0.022" classname="com.FCI.SWE.Services.ServiceTest"/>
  <testcase name="loginService" time="0.019" classname="com.FCI.SWE.Services.ServiceTest"/>
  <testcase name="loginService" time="0.018" classname="com.FCI.SWE.Services.ServiceTest"/>
</testsuite> <!-- Default test -->
