<?xml version="1.0" encoding="UTF-8"?>
<testng-results skipped="0" failed="2" total="16" passed="14">
  <reporter-output>
  </reporter-output>
  <suite name="Default suite" duration-ms="734" started-at="2015-05-09T17:54:59Z" finished-at="2015-05-09T17:55:00Z">
    <groups>
    </groups>
    <test name="Default test" duration-ms="734" started-at="2015-05-09T17:54:59Z" finished-at="2015-05-09T17:55:00Z">
      <class name="com.FCI.SWE.ServicesModels.ConversationEntityTest">
        <test-method status="PASS" signature="ConversationEntity()[pri:0, instance:com.FCI.SWE.ServicesModels.ConversationEntityTest@b8fad4b]" name="ConversationEntity" duration-ms="34" started-at="2015-05-09T19:54:59Z" finished-at="2015-05-09T19:54:59Z">
          <reporter-output>
          </reporter-output>
        </test-method> <!-- ConversationEntity -->
        <test-method status="PASS" signature="addToConversation()[pri:0, instance:com.FCI.SWE.ServicesModels.ConversationEntityTest@b8fad4b]" name="addToConversation" duration-ms="1" started-at="2015-05-09T19:54:59Z" finished-at="2015-05-09T19:54:59Z">
          <reporter-output>
          </reporter-output>
        </test-method> <!-- addToConversation -->
        <test-method status="FAIL" signature="createConversation()[pri:0, instance:com.FCI.SWE.ServicesModels.ConversationEntityTest@b8fad4b]" name="createConversation" duration-ms="532" started-at="2015-05-09T19:54:59Z" finished-at="2015-05-09T19:54:59Z">
          <exception class="java.lang.NullPointerException">
            <message>
              <![CDATA[No API environment is registered for this thread.]]>
            </message>
            <full-stacktrace>
              <![CDATA[java.lang.NullPointerException: No API environment is registered for this thread.
	at com.google.appengine.api.datastore.DatastoreApiHelper.getCurrentAppId(DatastoreApiHelper.java:170)
	at com.google.appengine.api.datastore.DatastoreApiHelper.getCurrentAppIdNamespace(DatastoreApiHelper.java:186)
	at com.google.appengine.api.datastore.Query.<init>(Query.java:209)
	at com.google.appengine.api.datastore.Query.<init>(Query.java:140)
	at com.FCI.SWE.ServicesModels.UserEntity.saveUser(UserEntity.java:131)
	at com.FCI.SWE.ServicesModels.ConversationEntityTest.createConversation(ConversationEntityTest.java:47)
	at sun.reflect.NativeMethodAccessorImpl.invoke0(Native Method)
	at sun.reflect.NativeMethodAccessorImpl.invoke(NativeMethodAccessorImpl.java:57)
	at sun.reflect.DelegatingMethodAccessorImpl.invoke(DelegatingMethodAccessorImpl.java:43)
	at java.lang.reflect.Method.invoke(Method.java:606)
	at org.testng.internal.MethodInvocationHelper.invokeMethod(MethodInvocationHelper.java:85)
	at org.testng.internal.Invoker.invokeMethod(Invoker.java:659)
	at org.testng.internal.Invoker.invokeTestMethod(Invoker.java:845)
	at org.testng.internal.Invoker.invokeTestMethods(Invoker.java:1153)
	at org.testng.internal.TestMethodWorker.invokeTestMethods(TestMethodWorker.java:124)
	at org.testng.internal.TestMethodWorker.run(TestMethodWorker.java:108)
	at org.testng.TestRunner.privateRun(TestRunner.java:771)
	at org.testng.TestRunner.run(TestRunner.java:621)
	at org.testng.SuiteRunner.runTest(SuiteRunner.java:352)
	at org.testng.SuiteRunner.runSequentially(SuiteRunner.java:347)
	at org.testng.SuiteRunner.privateRun(SuiteRunner.java:305)
	at org.testng.SuiteRunner.run(SuiteRunner.java:254)
	at org.testng.SuiteRunnerWorker.runSuite(SuiteRunnerWorker.java:52)
	at org.testng.SuiteRunnerWorker.run(SuiteRunnerWorker.java:86)
	at org.testng.TestNG.runSuitesSequentially(TestNG.java:1199)
	at org.testng.TestNG.runSuitesLocally(TestNG.java:1124)
	at org.testng.TestNG.run(TestNG.java:1032)
	at org.testng.remote.RemoteTestNG.run(RemoteTestNG.java:111)
	at org.testng.remote.RemoteTestNG.initAndRun(RemoteTestNG.java:204)
	at org.testng.remote.RemoteTestNG.main(RemoteTestNG.java:175)
]]>
            </full-stacktrace>
          </exception> <!-- java.lang.NullPointerException -->
          <reporter-output>
          </reporter-output>
        </test-method> <!-- createConversation -->
        <test-method status="PASS" signature="getConversation()[pri:0, instance:com.FCI.SWE.ServicesModels.ConversationEntityTest@b8fad4b]" name="getConversation" duration-ms="2" started-at="2015-05-09T19:54:59Z" finished-at="2015-05-09T19:54:59Z">
          <reporter-output>
          </reporter-output>
        </test-method> <!-- getConversation -->
        <test-method status="PASS" signature="getDate()[pri:0, instance:com.FCI.SWE.ServicesModels.ConversationEntityTest@b8fad4b]" name="getDate" duration-ms="1" started-at="2015-05-09T19:54:59Z" finished-at="2015-05-09T19:54:59Z">
          <reporter-output>
          </reporter-output>
        </test-method> <!-- getDate -->
        <test-method status="PASS" signature="getId()[pri:0, instance:com.FCI.SWE.ServicesModels.ConversationEntityTest@b8fad4b]" name="getId" duration-ms="1" started-at="2015-05-09T19:54:59Z" finished-at="2015-05-09T19:54:59Z">
          <reporter-output>
          </reporter-output>
        </test-method> <!-- getId -->
        <test-method status="PASS" signature="getMembers()[pri:0, instance:com.FCI.SWE.ServicesModels.ConversationEntityTest@b8fad4b]" name="getMembers" duration-ms="2" started-at="2015-05-09T19:54:59Z" finished-at="2015-05-09T19:54:59Z">
          <reporter-output>
          </reporter-output>
        </test-method> <!-- getMembers -->
        <test-method status="PASS" signature="getName()[pri:0, instance:com.FCI.SWE.ServicesModels.ConversationEntityTest@b8fad4b]" name="getName" duration-ms="1" started-at="2015-05-09T19:54:59Z" finished-at="2015-05-09T19:54:59Z">
          <reporter-output>
          </reporter-output>
        </test-method> <!-- getName -->
        <test-method status="PASS" signature="getOwner()[pri:0, instance:com.FCI.SWE.ServicesModels.ConversationEntityTest@b8fad4b]" name="getOwner" duration-ms="1" started-at="2015-05-09T19:54:59Z" finished-at="2015-05-09T19:54:59Z">
          <reporter-output>
          </reporter-output>
        </test-method> <!-- getOwner -->
        <test-method status="PASS" signature="setDate()[pri:0, instance:com.FCI.SWE.ServicesModels.ConversationEntityTest@b8fad4b]" name="setDate" duration-ms="2" started-at="2015-05-09T19:54:59Z" finished-at="2015-05-09T19:54:59Z">
          <reporter-output>
          </reporter-output>
        </test-method> <!-- setDate -->
        <test-method status="PASS" signature="setId()[pri:0, instance:com.FCI.SWE.ServicesModels.ConversationEntityTest@b8fad4b]" name="setId" duration-ms="1" started-at="2015-05-09T19:55:00Z" finished-at="2015-05-09T19:55:00Z">
          <reporter-output>
          </reporter-output>
        </test-method> <!-- setId -->
        <test-method status="PASS" signature="setMembers()[pri:0, instance:com.FCI.SWE.ServicesModels.ConversationEntityTest@b8fad4b]" name="setMembers" duration-ms="1" started-at="2015-05-09T19:55:00Z" finished-at="2015-05-09T19:55:00Z">
          <reporter-output>
          </reporter-output>
        </test-method> <!-- setMembers -->
        <test-method status="PASS" signature="setName()[pri:0, instance:com.FCI.SWE.ServicesModels.ConversationEntityTest@b8fad4b]" name="setName" duration-ms="1" started-at="2015-05-09T19:55:00Z" finished-at="2015-05-09T19:55:00Z">
          <reporter-output>
          </reporter-output>
        </test-method> <!-- setName -->
        <test-method status="PASS" signature="setOwner()[pri:0, instance:com.FCI.SWE.ServicesModels.ConversationEntityTest@b8fad4b]" name="setOwner" duration-ms="1" started-at="2015-05-09T19:55:00Z" finished-at="2015-05-09T19:55:00Z">
          <reporter-output>
          </reporter-output>
        </test-method> <!-- setOwner -->
        <test-method status="PASS" signature="setUp()[pri:0, instance:com.FCI.SWE.ServicesModels.ConversationEntityTest@b8fad4b]" name="setUp" duration-ms="22" started-at="2015-05-09T19:55:00Z" finished-at="2015-05-09T19:55:00Z">
          <reporter-output>
          </reporter-output>
        </test-method> <!-- setUp -->
        <test-method status="FAIL" signature="tearDown()[pri:0, instance:com.FCI.SWE.ServicesModels.ConversationEntityTest@b8fad4b]" name="tearDown" duration-ms="16" started-at="2015-05-09T19:55:00Z" finished-at="2015-05-09T19:55:00Z">
          <exception class="java.lang.NoClassDefFoundError">
            <message>
              <![CDATA[com/google/appengine/tools/development/AbstractLocalRpcService]]>
            </message>
            <full-stacktrace>
              <![CDATA[java.lang.NoClassDefFoundError: com/google/appengine/tools/development/AbstractLocalRpcService
	at java.lang.ClassLoader.defineClass1(Native Method)
	at java.lang.ClassLoader.defineClass(ClassLoader.java:800)
	at java.security.SecureClassLoader.defineClass(SecureClassLoader.java:142)
	at java.net.URLClassLoader.defineClass(URLClassLoader.java:449)
	at java.net.URLClassLoader.access$100(URLClassLoader.java:71)
	at java.net.URLClassLoader$1.run(URLClassLoader.java:361)
	at java.net.URLClassLoader$1.run(URLClassLoader.java:355)
	at java.security.AccessController.doPrivileged(Native Method)
	at java.net.URLClassLoader.findClass(URLClassLoader.java:354)
	at java.lang.ClassLoader.loadClass(ClassLoader.java:425)
	at sun.misc.Launcher$AppClassLoader.loadClass(Launcher.java:308)
	at java.lang.ClassLoader.loadClass(ClassLoader.java:358)
	at java.lang.Class.forName0(Native Method)
	at java.lang.Class.forName(Class.java:274)
	at sun.misc.Service$LazyIterator.next(Service.java:289)
	at com.google.appengine.tools.development.ApiProxyLocalImpl.startServices(ApiProxyLocalImpl.java:463)
	at com.google.appengine.tools.development.ApiProxyLocalImpl.access$600(ApiProxyLocalImpl.java:44)
	at com.google.appengine.tools.development.ApiProxyLocalImpl$1.run(ApiProxyLocalImpl.java:448)
	at com.google.appengine.tools.development.ApiProxyLocalImpl$1.run(ApiProxyLocalImpl.java:446)
	at java.security.AccessController.doPrivileged(Native Method)
	at com.google.appengine.tools.development.ApiProxyLocalImpl.getService(ApiProxyLocalImpl.java:445)
	at com.google.appengine.tools.development.testing.LocalServiceTestHelper.getLocalService(LocalServiceTestHelper.java:300)
	at com.google.appengine.tools.development.testing.LocalDatastoreServiceTestConfig.getLocalDatastoreService(LocalDatastoreServiceTestConfig.java:142)
	at com.google.appengine.tools.development.testing.LocalDatastoreServiceTestConfig.tearDown(LocalDatastoreServiceTestConfig.java:137)
	at com.google.appengine.tools.development.testing.LocalServiceTestHelper.tearDown(LocalServiceTestHelper.java:262)
	at com.FCI.SWE.ServicesModels.ConversationEntityTest.tearDown(ConversationEntityTest.java:35)
	at sun.reflect.NativeMethodAccessorImpl.invoke0(Native Method)
	at sun.reflect.NativeMethodAccessorImpl.invoke(NativeMethodAccessorImpl.java:57)
	at sun.reflect.DelegatingMethodAccessorImpl.invoke(DelegatingMethodAccessorImpl.java:43)
	at java.lang.reflect.Method.invoke(Method.java:606)
	at org.testng.internal.MethodInvocationHelper.invokeMethod(MethodInvocationHelper.java:85)
	at org.testng.internal.Invoker.invokeMethod(Invoker.java:659)
	at org.testng.internal.Invoker.invokeTestMethod(Invoker.java:845)
	at org.testng.internal.Invoker.invokeTestMethods(Invoker.java:1153)
	at org.testng.internal.TestMethodWorker.invokeTestMethods(TestMethodWorker.java:124)
	at org.testng.internal.TestMethodWorker.run(TestMethodWorker.java:108)
	at org.testng.TestRunner.privateRun(TestRunner.java:771)
	at org.testng.TestRunner.run(TestRunner.java:621)
	at org.testng.SuiteRunner.runTest(SuiteRunner.java:352)
	at org.testng.SuiteRunner.runSequentially(SuiteRunner.java:347)
	at org.testng.SuiteRunner.privateRun(SuiteRunner.java:305)
	at org.testng.SuiteRunner.run(SuiteRunner.java:254)
	at org.testng.SuiteRunnerWorker.runSuite(SuiteRunnerWorker.java:52)
	at org.testng.SuiteRunnerWorker.run(SuiteRunnerWorker.java:86)
	at org.testng.TestNG.runSuitesSequentially(TestNG.java:1199)
	at org.testng.TestNG.runSuitesLocally(TestNG.java:1124)
	at org.testng.TestNG.run(TestNG.java:1032)
	at org.testng.remote.RemoteTestNG.run(RemoteTestNG.java:111)
	at org.testng.remote.RemoteTestNG.initAndRun(RemoteTestNG.java:204)
	at org.testng.remote.RemoteTestNG.main(RemoteTestNG.java:175)
Caused by: java.lang.ClassNotFoundException: com.google.appengine.tools.development.AbstractLocalRpcService
	at java.net.URLClassLoader$1.run(URLClassLoader.java:366)
	at java.net.URLClassLoader$1.run(URLClassLoader.java:355)
	at java.security.AccessController.doPrivileged(Native Method)
	at java.net.URLClassLoader.findClass(URLClassLoader.java:354)
	at java.lang.ClassLoader.loadClass(ClassLoader.java:425)
	at sun.misc.Launcher$AppClassLoader.loadClass(Launcher.java:308)
	at java.lang.ClassLoader.loadClass(ClassLoader.java:358)
	... 50 more
]]>
            </full-stacktrace>
          </exception> <!-- java.lang.NoClassDefFoundError -->
          <reporter-output>
          </reporter-output>
        </test-method> <!-- tearDown -->
      </class> <!-- com.FCI.SWE.ServicesModels.ConversationEntityTest -->
    </test> <!-- Default test -->
  </suite> <!-- Default suite -->
</testng-results>
