<?xml version="1.0" encoding="UTF-8"?>
<testng-results skipped="0" failed="0" total="20" passed="20">
  <reporter-output>
  </reporter-output>
  <suite name="Default suite" duration-ms="355" started-at="2015-05-10T21:00:16Z" finished-at="2015-05-10T21:00:16Z">
    <groups>
    </groups>
    <test name="Default test" duration-ms="355" started-at="2015-05-10T21:00:16Z" finished-at="2015-05-10T21:00:16Z">
      <class name="com.FCI.SWE.Services.NotificationServiceTest">
        <test-method status="PASS" signature="SendConversationMessage()[pri:0, instance:com.FCI.SWE.Services.NotificationServiceTest@7caba647]" name="SendConversationMessage" duration-ms="15" started-at="2015-05-11T00:00:16Z" finished-at="2015-05-11T00:00:16Z">
          <reporter-output>
          </reporter-output>
        </test-method> <!-- SendConversationMessage -->
        <test-method status="PASS" signature="sendFriendRequest(java.lang.String, java.lang.String, java.lang.String, java.lang.String)[pri:0, instance:com.FCI.SWE.Services.NotificationServiceTest@7caba647]" name="sendFriendRequest" duration-ms="61" started-at="2015-05-11T00:00:16Z" data-provider="sendFriendRequestProvider" finished-at="2015-05-11T00:00:16Z">
          <params>
            <param index="0">
              <value>
                <![CDATA[hadad]]>
              </value>
            </param>
            <param index="1">
              <value>
                <![CDATA[m]]>
              </value>
            </param>
            <param index="2">
              <value>
                <![CDATA[123]]>
              </value>
            </param>
            <param index="3">
              <value>
                <![CDATA[OK]]>
              </value>
            </param>
          </params>
          <reporter-output>
          </reporter-output>
        </test-method> <!-- sendFriendRequest -->
        <test-method status="PASS" signature="sendFriendRequest(java.lang.String, java.lang.String, java.lang.String, java.lang.String)[pri:0, instance:com.FCI.SWE.Services.NotificationServiceTest@7caba647]" name="sendFriendRequest" duration-ms="23" started-at="2015-05-11T00:00:16Z" data-provider="sendFriendRequestProvider" finished-at="2015-05-11T00:00:16Z">
          <params>
            <param index="0">
              <value>
                <![CDATA[hadad]]>
              </value>
            </param>
            <param index="1">
              <value>
                <![CDATA[hadad]]>
              </value>
            </param>
            <param index="2">
              <value>
                <![CDATA[123]]>
              </value>
            </param>
            <param index="3">
              <value>
                <![CDATA[Failed, two users are the same]]>
              </value>
            </param>
          </params>
          <reporter-output>
          </reporter-output>
        </test-method> <!-- sendFriendRequest -->
        <test-method status="PASS" signature="sendFriendRequest(java.lang.String, java.lang.String, java.lang.String, java.lang.String)[pri:0, instance:com.FCI.SWE.Services.NotificationServiceTest@7caba647]" name="sendFriendRequest" duration-ms="24" started-at="2015-05-11T00:00:16Z" data-provider="sendFriendRequestProvider" finished-at="2015-05-11T00:00:16Z">
          <params>
            <param index="0">
              <value>
                <![CDATA[hadad]]>
              </value>
            </param>
            <param index="1">
              <value>
                <![CDATA[hh]]>
              </value>
            </param>
            <param index="2">
              <value>
                <![CDATA[123]]>
              </value>
            </param>
            <param index="3">
              <value>
                <![CDATA[Failed, incorrect data]]>
              </value>
            </param>
          </params>
          <reporter-output>
          </reporter-output>
        </test-method> <!-- sendFriendRequest -->
        <test-method status="PASS" signature="sendFriendRequest(java.lang.String, java.lang.String, java.lang.String, java.lang.String)[pri:0, instance:com.FCI.SWE.Services.NotificationServiceTest@7caba647]" name="sendFriendRequest" duration-ms="22" started-at="2015-05-11T00:00:16Z" data-provider="sendFriendRequestProvider" finished-at="2015-05-11T00:00:16Z">
          <params>
            <param index="0">
              <value>
                <![CDATA[hadad]]>
              </value>
            </param>
            <param index="1">
              <value>
                <![CDATA[m]]>
              </value>
            </param>
            <param index="2">
              <value>
                <![CDATA[12]]>
              </value>
            </param>
            <param index="3">
              <value>
                <![CDATA[Failed, wrong username or password]]>
              </value>
            </param>
          </params>
          <reporter-output>
          </reporter-output>
        </test-method> <!-- sendFriendRequest -->
        <test-method status="PASS" signature="sendFriendRequest(java.lang.String, java.lang.String, java.lang.String, java.lang.String)[pri:0, instance:com.FCI.SWE.Services.NotificationServiceTest@7caba647]" name="sendFriendRequest" duration-ms="26" started-at="2015-05-11T00:00:16Z" data-provider="sendFriendRequestProvider" finished-at="2015-05-11T00:00:16Z">
          <params>
            <param index="0">
              <value>
                <![CDATA[hadad]]>
              </value>
            </param>
            <param index="1">
              <value>
                <![CDATA[m]]>
              </value>
            </param>
            <param index="2">
              <value>
                <![CDATA[123]]>
              </value>
            </param>
            <param index="3">
              <value>
                <![CDATA[Failed, they are already friends or request has been sent befor.]]>
              </value>
            </param>
          </params>
          <reporter-output>
          </reporter-output>
        </test-method> <!-- sendFriendRequest -->
        <test-method status="PASS" signature="addToConversation()[pri:0, instance:com.FCI.SWE.Services.NotificationServiceTest@7caba647]" name="addToConversation" duration-ms="1" started-at="2015-05-11T00:00:16Z" finished-at="2015-05-11T00:00:16Z">
          <reporter-output>
          </reporter-output>
        </test-method> <!-- addToConversation -->
        <test-method status="PASS" signature="getAllMessages()[pri:0, instance:com.FCI.SWE.Services.NotificationServiceTest@7caba647]" name="getAllMessages" duration-ms="1" started-at="2015-05-11T00:00:16Z" finished-at="2015-05-11T00:00:16Z">
          <reporter-output>
          </reporter-output>
        </test-method> <!-- getAllMessages -->
        <test-method status="PASS" signature="getUnseenConversationMessages()[pri:0, instance:com.FCI.SWE.Services.NotificationServiceTest@7caba647]" name="getUnseenConversationMessages" duration-ms="2" started-at="2015-05-11T00:00:16Z" finished-at="2015-05-11T00:00:16Z">
          <reporter-output>
          </reporter-output>
        </test-method> <!-- getUnseenConversationMessages -->
        <test-method status="PASS" signature="deleteFriendRequest()[pri:0, instance:com.FCI.SWE.Services.NotificationServiceTest@7caba647]" name="deleteFriendRequest" duration-ms="1" started-at="2015-05-11T00:00:16Z" finished-at="2015-05-11T00:00:16Z">
          <reporter-output>
          </reporter-output>
        </test-method> <!-- deleteFriendRequest -->
        <test-method status="PASS" signature="createConversation()[pri:0, instance:com.FCI.SWE.Services.NotificationServiceTest@7caba647]" name="createConversation" duration-ms="1" started-at="2015-05-11T00:00:16Z" finished-at="2015-05-11T00:00:16Z">
          <reporter-output>
          </reporter-output>
        </test-method> <!-- createConversation -->
        <test-method status="PASS" signature="getMessagesByID()[pri:0, instance:com.FCI.SWE.Services.NotificationServiceTest@7caba647]" name="getMessagesByID" duration-ms="2" started-at="2015-05-11T00:00:16Z" finished-at="2015-05-11T00:00:16Z">
          <reporter-output>
          </reporter-output>
        </test-method> <!-- getMessagesByID -->
        <test-method status="PASS" signature="getConversationMessages()[pri:0, instance:com.FCI.SWE.Services.NotificationServiceTest@7caba647]" name="getConversationMessages" duration-ms="1" started-at="2015-05-11T00:00:16Z" finished-at="2015-05-11T00:00:16Z">
          <reporter-output>
          </reporter-output>
        </test-method> <!-- getConversationMessages -->
        <test-method status="PASS" signature="getFriendRequestByID()[pri:0, instance:com.FCI.SWE.Services.NotificationServiceTest@7caba647]" name="getFriendRequestByID" duration-ms="1" started-at="2015-05-11T00:00:16Z" finished-at="2015-05-11T00:00:16Z">
          <reporter-output>
          </reporter-output>
        </test-method> <!-- getFriendRequestByID -->
        <test-method status="PASS" signature="getUnseenMessages()[pri:0, instance:com.FCI.SWE.Services.NotificationServiceTest@7caba647]" name="getUnseenMessages" duration-ms="1" started-at="2015-05-11T00:00:16Z" finished-at="2015-05-11T00:00:16Z">
          <reporter-output>
          </reporter-output>
        </test-method> <!-- getUnseenMessages -->
        <test-method status="PASS" signature="createMessage()[pri:0, instance:com.FCI.SWE.Services.NotificationServiceTest@7caba647]" name="createMessage" duration-ms="2" started-at="2015-05-11T00:00:16Z" finished-at="2015-05-11T00:00:16Z">
          <reporter-output>
          </reporter-output>
        </test-method> <!-- createMessage -->
        <test-method status="PASS" signature="getUnseenFriendRequests()[pri:0, instance:com.FCI.SWE.Services.NotificationServiceTest@7caba647]" name="getUnseenFriendRequests" duration-ms="1" started-at="2015-05-11T00:00:16Z" finished-at="2015-05-11T00:00:16Z">
          <reporter-output>
          </reporter-output>
        </test-method> <!-- getUnseenFriendRequests -->
        <test-method status="PASS" signature="getFriendRequests(java.lang.String, java.lang.String, java.lang.String)[pri:0, instance:com.FCI.SWE.Services.NotificationServiceTest@7caba647]" name="getFriendRequests" duration-ms="31" started-at="2015-05-11T00:00:16Z" data-provider="getFriendRequestsProvider" depends-on-methods="com.FCI.SWE.Services.NotificationServiceTest.sendFriendRequest" finished-at="2015-05-11T00:00:16Z">
          <params>
            <param index="0">
              <value>
                <![CDATA[m]]>
              </value>
            </param>
            <param index="1">
              <value>
                <![CDATA[123]]>
              </value>
            </param>
            <param index="2">
              <value>
                <![CDATA[["OK","hadad"]]]>
              </value>
            </param>
          </params>
          <reporter-output>
          </reporter-output>
        </test-method> <!-- getFriendRequests -->
        <test-method status="PASS" signature="getFriendRequests(java.lang.String, java.lang.String, java.lang.String)[pri:0, instance:com.FCI.SWE.Services.NotificationServiceTest@7caba647]" name="getFriendRequests" duration-ms="51" started-at="2015-05-11T00:00:16Z" data-provider="getFriendRequestsProvider" depends-on-methods="com.FCI.SWE.Services.NotificationServiceTest.sendFriendRequest" finished-at="2015-05-11T00:00:16Z">
          <params>
            <param index="0">
              <value>
                <![CDATA[hadad]]>
              </value>
            </param>
            <param index="1">
              <value>
                <![CDATA[123]]>
              </value>
            </param>
            <param index="2">
              <value>
                <![CDATA[["OK"]]]>
              </value>
            </param>
          </params>
          <reporter-output>
          </reporter-output>
        </test-method> <!-- getFriendRequests -->
        <test-method status="PASS" signature="getFriendRequests(java.lang.String, java.lang.String, java.lang.String)[pri:0, instance:com.FCI.SWE.Services.NotificationServiceTest@7caba647]" name="getFriendRequests" duration-ms="23" started-at="2015-05-11T00:00:16Z" data-provider="getFriendRequestsProvider" depends-on-methods="com.FCI.SWE.Services.NotificationServiceTest.sendFriendRequest" finished-at="2015-05-11T00:00:16Z">
          <params>
            <param index="0">
              <value>
                <![CDATA[hadad]]>
              </value>
            </param>
            <param index="1">
              <value>
                <![CDATA[120]]>
              </value>
            </param>
            <param index="2">
              <value>
                <![CDATA[["Failed"]]]>
              </value>
            </param>
          </params>
          <reporter-output>
          </reporter-output>
        </test-method> <!-- getFriendRequests -->
      </class> <!-- com.FCI.SWE.Services.NotificationServiceTest -->
    </test> <!-- Default test -->
  </suite> <!-- Default suite -->
</testng-results>
